Log file created at: 2023/11/21 11:34:06
Running on machine: nvidia-desktop
Running duration (h:mm:ss): 0:00:07
Log line format: [IWEF]yyyymmdd hh:mm:ss.uuuuuu threadid file:line] msg
I20231121 11:34:06.699909 466318 application.cpp:262] Application start.
E20231121 11:34:10.076573 466318 save_waypoint.cpp:302] clear record waypoint: 0
I20231121 11:34:10.077594 466318 control_center.cpp:682] TXZF VERSION: 2.0
I20231121 11:34:10.086771 466318 cam_ctrl.cpp:24] Config load start
I20231121 11:34:10.086850 466318 cam_ctrl.cpp:100] Initialize jueyuanzi detector
I20231121 11:34:15.396207 466318 cam_ctrl.cpp:26] Config load finish
I20231121 11:34:19.518358 466318 cam_ctrl.cpp:63] Camera Control init success!
I20231121 11:34:19.518368 466444 cam_manager.cpp:580] created monitor thread----
I20231121 11:34:19.518721 466318 control_center.cpp:449] img process init finish.
I20231121 11:34:19.518786 466318 control_center.cpp:451] img process Regist Complete Notify finish.
I20231121 11:34:19.518895 466318 cam_manager.cpp:513] recv mat task id: 281471814154496
I20231121 11:34:19.538599 466318 cam_manager.cpp:627] try to start main camera.
I20231121 11:34:19.538664 466318 cam_manager.cpp:210] create gst Thread ID: 281473319000320
I20231121 11:34:19.614480 466318 cam_manager.cpp:204] Create gst decode pipeline success
I20231121 11:34:20.614799 466318 cam_manager.cpp:642] create GetNewFrameTask finish.
I20231121 11:34:21.131722 466318 cam_manager.cpp:655] turn on camera success.
I20231121 11:34:21.131790 466318 control_center.cpp:454] Register Camera Callback finish.
I20231121 11:34:21.131816 466318 control_center.cpp:637] init SaveWaypoint success.
I20231121 11:34:21.131963 466318 control_center.cpp:644] velocity task created.
I20231121 11:34:21.132054 466318 control_center.cpp:651] add waypoint task created.
I20231121 11:34:21.132076 466471 control_center.cpp:297] rcData: -8000
I20231121 11:34:21.132083 466318 control_center.cpp:654] control center init finished.
I20231121 11:34:21.132158 466471 control_center.cpp:299] AddWaypoint Task ------- 
I20231121 11:34:21.132457 466318 client.cpp:86] client init finish.
I20231121 11:34:21.132470 466472 client.cpp:752] networkThread start
I20231121 11:34:21.132515 466318 control_center.cpp:407] FlightRun ------- 
I20231121 11:34:21.132532 466472 client.cpp:753] ____autopilot version____: 1.0.0
I20231121 11:34:21.132577 466472 client.cpp:760] networkThread stack size: 8388608 bytes
I20231121 11:34:21.132576 466318 control_center.cpp:2071] RESET GIMBAL DIFFERENCE thistime_heading: 100.098
I20231121 11:34:21.132642 466318 control_center.cpp:2072] RESET GIMBAL DIFFERENCE thistimeGimbalDataYaw: 0
I20231121 11:34:21.132668 466318 control_center.cpp:2074] RESET GIMBAL DIFFERENCE offset_delta_yaw: -100.098
I20231121 11:34:21.142562 466472 client.cpp:806] tcp connect success! 76
E20231121 11:34:21.142660 466472 cam_manager.cpp:694] get camera type error:228
I20231121 11:34:21.482358 466469 cam_manager.cpp:407] image width 1920, height 1440
