Log file created at: 2023/11/21 11:40:37
Running on machine: nvidia-desktop
Running duration (h:mm:ss): 0:00:09
Log line format: [IWEF]yyyymmdd hh:mm:ss.uuuuuu threadid file:line] msg
I20231121 11:40:37.912683 466980 application.cpp:262] Application start.
E20231121 11:40:41.276814 466980 save_waypoint.cpp:302] clear record waypoint: 0
I20231121 11:40:41.277748 466980 control_center.cpp:682] TXZF VERSION: 2.0
I20231121 11:40:41.050024 466980 cam_ctrl.cpp:24] Config load start
I20231121 11:40:41.050083 466980 cam_ctrl.cpp:100] Initialize jueyuanzi detector
I20231121 11:40:46.532846 466980 cam_ctrl.cpp:26] Config load finish
I20231121 11:40:50.628744 467180 cam_manager.cpp:580] created monitor thread----
I20231121 11:40:50.628746 466980 cam_ctrl.cpp:63] Camera Control init success!
I20231121 11:40:50.629338 466980 control_center.cpp:449] img process init finish.
I20231121 11:40:50.629384 466980 control_center.cpp:451] img process Regist Complete Notify finish.
I20231121 11:40:50.629603 466980 cam_manager.cpp:513] recv mat task id: 281473055652096
I20231121 11:40:50.649399 466980 cam_manager.cpp:627] try to start main camera.
I20231121 11:40:50.649472 466980 cam_manager.cpp:210] create gst Thread ID: 281474527172864
I20231121 11:40:50.992272 466980 cam_manager.cpp:204] Create gst decode pipeline success
I20231121 11:40:51.993047 466980 cam_manager.cpp:642] create GetNewFrameTask finish.
I20231121 11:40:52.503247 466980 cam_manager.cpp:655] turn on camera success.
I20231121 11:40:52.503329 466980 control_center.cpp:454] Register Camera Callback finish.
I20231121 11:40:52.503358 466980 control_center.cpp:637] init SaveWaypoint success.
I20231121 11:40:52.503736 466980 control_center.cpp:644] velocity task created.
I20231121 11:40:52.504005 466980 control_center.cpp:651] add waypoint task created.
I20231121 11:40:52.504019 467216 control_center.cpp:297] rcData: -8000
I20231121 11:40:52.504041 466980 control_center.cpp:654] control center init finished.
I20231121 11:40:52.504099 467216 control_center.cpp:299] AddWaypoint Task ------- 
I20231121 11:40:52.504354 467217 client.cpp:752] networkThread start
I20231121 11:40:52.504411 467217 client.cpp:753] ____autopilot version____: 1.0.0
I20231121 11:40:52.504456 467217 client.cpp:760] networkThread stack size: 8388608 bytes
I20231121 11:40:52.504505 466980 client.cpp:86] client init finish.
I20231121 11:40:52.504554 466980 control_center.cpp:407] FlightRun ------- 
I20231121 11:40:52.504611 466980 control_center.cpp:2071] RESET GIMBAL DIFFERENCE thistime_heading: 100.008
I20231121 11:40:52.504662 466980 control_center.cpp:2072] RESET GIMBAL DIFFERENCE thistimeGimbalDataYaw: 0
I20231121 11:40:52.504690 466980 control_center.cpp:2074] RESET GIMBAL DIFFERENCE offset_delta_yaw: -100.008
I20231121 11:40:52.507187 467217 client.cpp:806] tcp connect success! 76
E20231121 11:40:52.507266 467217 cam_manager.cpp:694] get camera type error:228
I20231121 11:40:54.413795 467205 cam_manager.cpp:407] image width 1920, height 1440
I20231121 11:42:11.240360 467217 client.cpp:953] ProcessData len:8
I20231121 11:42:44.807474 467217 client.cpp:953] ProcessData len:8
